scripts/kconfig/conf --silentoldconfig Kconfig
  WRAP    arch/arm/include/generated/asm/auxvec.h
  WRAP    arch/arm/include/generated/asm/bitsperlong.h
  WRAP    arch/arm/include/generated/asm/cputime.h
  WRAP    arch/arm/include/generated/asm/ioctl.h
  CHK     include/linux/version.h
  WRAP    arch/arm/include/generated/asm/emergency-restart.h
  WRAP    arch/arm/include/generated/asm/errno.h
  WRAP    arch/arm/include/generated/asm/kdebug.h
  UPD     include/linux/version.h
  WRAP    arch/arm/include/generated/asm/irq_regs.h
  WRAP    arch/arm/include/generated/asm/local.h
  WRAP    arch/arm/include/generated/asm/local64.h
  WRAP    arch/arm/include/generated/asm/poll.h
  WRAP    arch/arm/include/generated/asm/resource.h
  WRAP    arch/arm/include/generated/asm/percpu.h
  WRAP    arch/arm/include/generated/asm/sizes.h
  WRAP    arch/arm/include/generated/asm/sections.h
  WRAP    arch/arm/include/generated/asm/siginfo.h
  CHK     include/generated/utsrelease.h
  UPD     include/generated/utsrelease.h
  HOSTCC  scripts/dtc/checks.o
  HOSTCC  scripts/dtc/data.o
  SHIPPED scripts/dtc/dtc-lexer.lex.c
  SHIPPED scripts/dtc/dtc-parser.tab.h
  SHIPPED scripts/dtc/dtc-parser.tab.c
  HOSTCC  scripts/dtc/dtc.o
  HOSTCC  scripts/dtc/flattree.o
  HOSTCC  scripts/dtc/fstree.o
  HOSTCC  scripts/dtc/livetree.o
  HOSTCC  scripts/dtc/srcpos.o
  HOSTCC  scripts/dtc/treesource.o
  Generating include/generated/mach-types.h
  HOSTCC  scripts/dtc/util.o
  HOSTCC  scripts/dtc/dtc-lexer.lex.o
  HOSTCC  scripts/dtc/dtc-parser.tab.o
  CC      kernel/bounds.s
  HOSTLD  scripts/dtc/dtc
  HOSTCC  scripts/genksyms/genksyms.o
  SHIPPED scripts/genksyms/lex.lex.c
  SHIPPED scripts/genksyms/keywords.hash.c
  SHIPPED scripts/genksyms/parse.tab.h
  SHIPPED scripts/genksyms/parse.tab.c
  HOSTCC  scripts/genksyms/lex.lex.o
  GEN     include/generated/bounds.h
  HOSTCC  scripts/genksyms/parse.tab.o
  CC      arch/arm/kernel/asm-offsets.s
  HOSTLD  scripts/genksyms/genksyms
  CC      scripts/mod/empty.o
  HOSTCC  scripts/selinux/genheaders/genheaders
  HOSTCC  scripts/mod/mk_elfconfig
  HOSTCC  scripts/kallsyms
  GEN     include/generated/asm-offsets.h
  CALL    scripts/checksyscalls.sh
  MKELF   scripts/mod/elfconfig.h
  HOSTCC  scripts/mod/file2alias.o
  HOSTCC  scripts/selinux/mdp/mdp
  HOSTCC  scripts/mod/modpost.o
  HOSTCC  scripts/mod/sumversion.o
  HOSTLD  scripts/mod/modpost
  HOSTCC  scripts/conmakehash
  HOSTCC  scripts/recordmcount
  CHK     include/generated/compile.h
  CC      init/main.o
  CC      init/do_mounts.o
  HOSTCC  usr/gen_init_cpio
  UPD     include/generated/compile.h
  CC      init/do_mounts_rd.o
  GEN     usr/initramfs_data.cpio
  AS      usr/initramfs_data.o
  LD      usr/built-in.o
  CC      arch/arm/vfp/vfpmodule.o
  CC      init/do_mounts_initrd.o
  CC      init/initramfs.o
  CC      init/calibrate.o
  CC      init/version.o
  AS      arch/arm/vfp/entry.o
  AS      arch/arm/vfp/vfphw.o
  LD      init/mounts.o
  CC      arch/arm/vfp/vfpsingle.o
  CC      arch/arm/vfp/vfpdouble.o
  CC      arch/arm/kernel/elf.o
  LD      init/built-in.o
  CC      arch/arm/mm/dma-mapping.o
  AS      arch/arm/kernel/entry-armv.o
  AS      arch/arm/kernel/entry-common.o
  CC      arch/arm/kernel/irq.o
  CC      arch/arm/kernel/opcodes.o
  CC      arch/arm/kernel/process.o
  CC      arch/arm/kernel/ptrace.o
  LD      arch/arm/vfp/vfp.o
  LD      arch/arm/vfp/built-in.o
  CC      arch/arm/common/gic.o
  CC      arch/arm/mm/extable.o
  CC      arch/arm/kernel/return_address.o
  CC      arch/arm/kernel/sched_clock.o
  CC      arch/arm/mm/fault.o
arch/arm/kernel/return_address.c:62:2: warning: #warning "TODO: return_address should use unwind tables" [-Wcpp]
 #warning "TODO: return_address should use unwind tables"
  ^
arch/arm/kernel/return_address.c:62:2: warning: #warning "TODO: return_address should use unwind tables" [-Wcpp]
 #warning "TODO: return_address should use unwind tables"
  ^
  CC      arch/arm/kernel/setup.o
  CC      arch/arm/common/cpaccess.o
